Unity Editor version:    2020.3.32f1 (12f8b0834f07)
Branch:                  2020.3/staging
Build type:              Release
Batch mode:              YES
macOS version:           Version 12.2.1 (Build 21D62)
Darwin version:          21.3.0
Architecture:            x86_64
Running under Rosetta:   NO
Available memory:        8192 MB
Using pre-set license
Pro License: NO

COMMAND LINE ARGUMENTS:
/Applications/Unity/Hub/Editor/2020.3.32f1/Unity.app/Contents/MacOS/Unity
-adb2
-batchMode
-noUpm
-name
AssetImportWorker0
-projectPath
/Users/evilla/Desktop/6.835/Final Project/Unity Emotion Game
-logFile
Logs/AssetImportWorker0.log
-srvPort
58854
Successfully changed project path to: /Users/evilla/Desktop/6.835/Final Project/Unity Emotion Game
/Users/evilla/Desktop/6.835/Final Project/Unity Emotion Game
Using Asset Import Pipeline V2.
Refreshing native plugins compatible for Editor in 60.01 ms, found 3 plugins.
Preloading 0 native plugins for Editor in 0.00 ms.
Initialize engine version: 2020.3.32f1 (12f8b0834f07)
[Subsystems] Discovering subsystems at path /Applications/Unity/Hub/Editor/2020.3.32f1/Unity.app/Contents/Resources/UnitySubsystems
[Subsystems] Discovering subsystems at path /Users/evilla/Desktop/6.835/Final Project/Unity Emotion Game/Assets
GfxDevice: creating device client; threaded=0
2022-05-09 00:44:41.031 Unity[31737:1557048] Color LCD preferred device: Intel(R) Iris(TM) Plus Graphics 640 (low power)
2022-05-09 00:44:41.031 Unity[31737:1557048] Metal devices available: 1
2022-05-09 00:44:41.031 Unity[31737:1557048] 0: Intel(R) Iris(TM) Plus Graphics 640 (low power)
2022-05-09 00:44:41.031 Unity[31737:1557048] Using device Intel(R) Iris(TM) Plus Graphics 640 (low power)
Initializing Metal device caps: Intel(R) Iris(TM) Plus Graphics 640
Initialize mono
Mono path[0] = '/Applications/Unity/Hub/Editor/2020.3.32f1/Unity.app/Contents/Managed'
Mono path[1] = '/Applications/Unity/Hub/Editor/2020.3.32f1/Unity.app/Contents/MonoBleedingEdge/lib/mono/unityjit'
Mono config path = '/Applications/Unity/Hub/Editor/2020.3.32f1/Unity.app/Contents/MonoBleedingEdge/etc'
Using monoOptions --debugger-agent=transport=dt_socket,embedding=1,server=y,suspend=n,address=127.0.0.1:56737
Begin MonoManager ReloadAssembly
Registering precompiled unity dll's ...
Register platform support module: /Applications/Unity/Hub/Editor/2020.3.32f1/PlaybackEngines/WebGLSupport/UnityEditor.WebGL.Extensions.dll
Register platform support module: /Applications/Unity/Hub/Editor/2020.3.32f1/Unity.app/Contents/PlaybackEngines/MacStandaloneSupport/UnityEditor.OSXStandalone.Extensions.dll
Registered in 0.004786 seconds.
Native extension for OSXStandalone target not found
Native extension for WebGL target not found
Refreshing native plugins compatible for Editor in 51.33 ms, found 3 plugins.
Preloading 0 native plugins for Editor in 0.00 ms.
Mono: successfully reloaded assembly
- Completed reload, in  0.824 seconds
Domain Reload Profiling:
	ReloadAssembly (824ms)
		BeginReloadAssembly (134ms)
			ExecutionOrderSort (0ms)
			DisableScriptedObjects (0ms)
			BackupInstance (0ms)
			ReleaseScriptingObjects (0ms)
			CreateAndSetChildDomain (1ms)
		EndReloadAssembly (600ms)
			LoadAssemblies (137ms)
			RebuildTransferFunctionScriptingTraits (0ms)
			SetupTypeCache (202ms)
			ReleaseScriptCaches (0ms)
			RebuildScriptCaches (45ms)
			SetupLoadedEditorAssemblies (248ms)
				LogAssemblyErrors (0ms)
				InitializePlatformSupportModulesInManaged (7ms)
				SetLoadedEditorAssemblies (0ms)
				RefreshPlugins (51ms)
				BeforeProcessingInitializeOnLoad (12ms)
				ProcessInitializeOnLoadAttributes (138ms)
				ProcessInitializeOnLoadMethodAttributes (40ms)
				AfterProcessingInitializeOnLoad (0ms)
				EditorAssembliesLoaded (0ms)
			ExecutionOrderSort2 (0ms)
			AwakeInstancesAfterBackupRestoration (0ms)
Platform modules already initialized, skipping
Registering precompiled user dll's ...
Registered in 0.005680 seconds.
Begin MonoManager ReloadAssembly
Native extension for OSXStandalone target not found
Native extension for WebGL target not found
Refreshing native plugins compatible for Editor in 0.51 ms, found 3 plugins.
Preloading 0 native plugins for Editor in 0.00 ms.
Mono: successfully reloaded assembly
- Completed reload, in  1.300 seconds
Domain Reload Profiling:
	ReloadAssembly (1302ms)
		BeginReloadAssembly (166ms)
			ExecutionOrderSort (0ms)
			DisableScriptedObjects (6ms)
			BackupInstance (0ms)
			ReleaseScriptingObjects (0ms)
			CreateAndSetChildDomain (27ms)
		EndReloadAssembly (1067ms)
			LoadAssemblies (118ms)
			RebuildTransferFunctionScriptingTraits (0ms)
			SetupTypeCache (368ms)
			ReleaseScriptCaches (0ms)
			RebuildScriptCaches (72ms)
			SetupLoadedEditorAssemblies (377ms)
				LogAssemblyErrors (0ms)
				InitializePlatformSupportModulesInManaged (6ms)
				SetLoadedEditorAssemblies (1ms)
				RefreshPlugins (1ms)
				BeforeProcessingInitializeOnLoad (69ms)
				ProcessInitializeOnLoadAttributes (286ms)
				ProcessInitializeOnLoadMethodAttributes (13ms)
				AfterProcessingInitializeOnLoad (1ms)
				EditorAssembliesLoaded (0ms)
			ExecutionOrderSort2 (0ms)
			AwakeInstancesAfterBackupRestoration (8ms)
Platform modules already initialized, skipping
Validating Project structure ... 0.006531 seconds.
Shader import version has changed; will reimport all shaders...
Upgrading shader files ...0.006486 seconds.
Application.AssetDatabase Initial Script Refresh Start
RefreshInfo: InitialScriptRefreshV2(NoUpdateAssetOptions) scanfilter:  ... 1 filters
RefreshProfiler: Total: 0.000ms
Application.AssetDatabase Initial Script Refresh End
Application.AssetDatabase.Refresh Start
Application.AssetDatabase.Refresh End
RefreshInfo: StopAssetImportingV2(ForceSynchronousImport) scanfilter: 
RefreshProfiler: Total: 0.000ms
Launching external process: /Applications/Unity/Hub/Editor/2020.3.32f1/Unity.app/Contents/Tools/UnityShaderCompiler
Launched and connected shader compiler UnityShaderCompiler after 0.02 seconds
Initializing Unity extensions:
2022-05-09 00:44:45.427 Unity[31737:1557048] NSEventModifierFlagFunction specified to -setKeyEquivalentModifierMask: for item <NSMenuItem: 0x600003d6ba30 Quick Recording, ke='Command-F10'>, but is only supported for system-provided menu items; will not be used
2022-05-09 00:44:45.429 Unity[31737:1557048] NSEventModifierFlagFunction specified to -setKeyEquivalentModifierMask: for item <NSMenuItem: 0x600003d50310 Font Asset, ke='Command-F12'>, but is only supported for system-provided menu items; will not be used
2022-05-09 00:44:45.431 Unity[31737:1557048] NSEventModifierFlagFunction specified to -setKeyEquivalentModifierMask: for item <NSMenuItem: 0x600003d2e680 Quick Recording, ke='Command-F10'>, but is only supported for system-provided menu items; will not be used
2022-05-09 00:44:45.434 Unity[31737:1557048] NSEventModifierFlagFunction specified to -setKeyEquivalentModifierMask: for item <NSMenuItem: 0x600003d3c2a0 Font Asset, ke='Command-F12'>, but is only supported for system-provided menu items; will not be used
========================================================================
Worker process is ready to serve import requests
Refreshing native plugins compatible for Editor in 0.44 ms, found 3 plugins.
Preloading 0 native plugins for Editor in 0.00 ms.
Unloading 1924 Unused Serialized files (Serialized files now loaded: 0)
System memory in use before: 205.0 MB.
System memory in use after: 202.9 MB.

Unloading 143 unused Assets to reduce memory usage. Loaded Objects now: 2387.
Total: 4.059967 ms (FindLiveObjects: 0.184240 ms CreateObjectMapping: 0.090234 ms MarkObjects: 2.963071 ms  DeleteObjects: 0.821657 ms)

AssetImportParameters requested are different than current active one (requested -> active):
  custom:video-decoder-ogg-theora: a1e56fd34408186e4bbccfd4996cb3dc -> 
  custom:container-muxer-webm: aa71ff27fc2769a1b78a27578f13a17b -> 
  custom:container-demuxer-webm: 4f35f7cbe854078d1ac9338744f61a02 -> 
  custom:container-demuxer-ogg: 62fdf1f143b41e24485cea50d1cbac27 -> 
  custom:video-encoder-webm-vp8: eb34c28f22e8b96e1ab97ce403110664 -> 
  custom:framework-osx-AVFoundation: e770b220cccbd017edd2c1fefb359320 -> 
  custom:video-decoder-webm-vp8: 9c59270c3fd7afecdb556c50c9e8de78 -> 
  custom:audio-decoder-ogg-vorbis: bf7c407c2cedff20999df2af8eb42d56 -> 
  custom:audio-encoder-webm-vorbis: bf7c407c2cedff20999df2af8eb42d56 -> 
========================================================================
Received Import Request.
  path: Assets/Energy/Demo/Metal
  artifactKey: Guid(aaf5c8aaca3eb1341bcc0a031e24e971) Importer(815301076,1909f56bfc062723c751e8b465ee728b)
Start importing Assets/Energy/Demo/Metal using Guid(aaf5c8aaca3eb1341bcc0a031e24e971) Importer(815301076,1909f56bfc062723c751e8b465ee728b)  -> (artifact id: '599d0f959c730727d4c967d0da0d18f5') in 0.010924 seconds 
========================================================================
Received Import Request.
  Time since last request: 0.287684 seconds.
  path: Assets/Jammo-Character
  artifactKey: Guid(2d1c271f054744462b555b73f36dfcbf) Importer(815301076,1909f56bfc062723c751e8b465ee728b)
Start importing Assets/Jammo-Character using Guid(2d1c271f054744462b555b73f36dfcbf) Importer(815301076,1909f56bfc062723c751e8b465ee728b)  -> (artifact id: 'da1eb4c9f75e0a7feb2c06eee6152d14') in 0.003549 seconds 
========================================================================
Received Import Request.
  Time since last request: 4.187794 seconds.
  path: Assets/Jammo-Character/Scenes/JammoScene_Profiles
  artifactKey: Guid(0812d853c21941242af11b6947824b4a) Importer(815301076,1909f56bfc062723c751e8b465ee728b)
Start importing Assets/Jammo-Character/Scenes/JammoScene_Profiles using Guid(0812d853c21941242af11b6947824b4a) Importer(815301076,1909f56bfc062723c751e8b465ee728b)  -> (artifact id: 'a0b098e2f3cce5d08cf0a53ce4346ec5') in 0.003005 seconds 
========================================================================
Received Import Request.
  Time since last request: 0.139606 seconds.
  path: Assets/Jammo-Character/Scenes/JammoScene_Profiles/GameObject Profile.asset
  artifactKey: Guid(beb8e357b61332141b55e69963cf4f96) Importer(815301076,1909f56bfc062723c751e8b465ee728b)
Start importing Assets/Jammo-Character/Scenes/JammoScene_Profiles/GameObject Profile.asset using Guid(beb8e357b61332141b55e69963cf4f96) Importer(815301076,1909f56bfc062723c751e8b465ee728b)  -> (artifact id: 'e494252d09a2ace2b84a7db7edc0e851') in 1.278526 seconds 
========================================================================
Received Import Request.
  Time since last request: 0.984279 seconds.
  path: Assets/Jammo-Character/Scenes/JammoScene
  artifactKey: Guid(5a89a556b75cbb542a8cb1d24a0034eb) Importer(815301076,1909f56bfc062723c751e8b465ee728b)
Start importing Assets/Jammo-Character/Scenes/JammoScene using Guid(5a89a556b75cbb542a8cb1d24a0034eb) Importer(815301076,1909f56bfc062723c751e8b465ee728b)  -> (artifact id: 'f9fa85c7a44960016c6f53a4ff9bd4ff') in 0.003148 seconds 
========================================================================
Received Import Request.
  Time since last request: 0.058033 seconds.
  path: Assets/Jammo-Character/Scenes/JammoScene/Lightmap-0_comp_dir.png
  artifactKey: Guid(1f459961796ed6d458fdfac6e2764b77) Importer(815301076,1909f56bfc062723c751e8b465ee728b)
Start importing Assets/Jammo-Character/Scenes/JammoScene/Lightmap-0_comp_dir.png using Guid(1f459961796ed6d458fdfac6e2764b77) Importer(815301076,1909f56bfc062723c751e8b465ee728b)  -> (artifact id: '195d159f936bdbf16cf699027f0d1386') in 1.266178 seconds 
========================================================================
Received Import Request.
  Time since last request: 0.000372 seconds.
  path: Assets/Jammo-Character/Scenes/JammoScene/Lightmap-1_comp_shadowmask.png
  artifactKey: Guid(e5520d6b2a099ee47b4e7550d2b31745) Importer(815301076,1909f56bfc062723c751e8b465ee728b)
Start importing Assets/Jammo-Character/Scenes/JammoScene/Lightmap-1_comp_shadowmask.png using Guid(e5520d6b2a099ee47b4e7550d2b31745) Importer(815301076,1909f56bfc062723c751e8b465ee728b)  -> (artifact id: '61da31de685c578ecf1fb41c50f6da2e') in 0.041509 seconds 
========================================================================
Received Import Request.
  Time since last request: 0.000364 seconds.
  path: Assets/Jammo-Character/Scenes/JammoScene/Lightmap-0_comp_light.exr
  artifactKey: Guid(845403108a978e0439af5ff7d2994c5e) Importer(815301076,1909f56bfc062723c751e8b465ee728b)
Start importing Assets/Jammo-Character/Scenes/JammoScene/Lightmap-0_comp_light.exr using Guid(845403108a978e0439af5ff7d2994c5e) Importer(815301076,1909f56bfc062723c751e8b465ee728b)  -> (artifact id: '97a4a93a48549b7c0dba12bc945e8130') in 1.886793 seconds 
========================================================================
Received Import Request.
  Time since last request: 0.000438 seconds.
  path: Assets/Jammo-Character/Scenes/JammoScene/ReflectionProbe-1.exr
  artifactKey: Guid(908eff7a8be232f4da46692b950e2e72) Importer(815301076,1909f56bfc062723c751e8b465ee728b)
Start importing Assets/Jammo-Character/Scenes/JammoScene/ReflectionProbe-1.exr using Guid(908eff7a8be232f4da46692b950e2e72) Importer(815301076,1909f56bfc062723c751e8b465ee728b)  -> (artifact id: '961fc3b8a4f27194f08d12f744932ebc') in 0.091728 seconds 
========================================================================
Received Import Request.
  Time since last request: 0.000253 seconds.
  path: Assets/Jammo-Character/Scenes/JammoScene/Lightmap-0_comp_shadowmask.png
  artifactKey: Guid(1797b30b72146d449b213541f92310ec) Importer(815301076,1909f56bfc062723c751e8b465ee728b)
Start importing Assets/Jammo-Character/Scenes/JammoScene/Lightmap-0_comp_shadowmask.png using Guid(1797b30b72146d449b213541f92310ec) Importer(815301076,1909f56bfc062723c751e8b465ee728b)  -> (artifact id: '98e55e6b60022ac3c84dbefbf9023d05') in 0.016173 seconds 
========================================================================
Received Import Request.
  Time since last request: 0.000574 seconds.
  path: Assets/Jammo-Character/Scenes/JammoScene/ReflectionProbe-0.exr
  artifactKey: Guid(1ca36e2c5ecb2c5448e10f58efb00fc6) Importer(815301076,1909f56bfc062723c751e8b465ee728b)
Start importing Assets/Jammo-Character/Scenes/JammoScene/ReflectionProbe-0.exr using Guid(1ca36e2c5ecb2c5448e10f58efb00fc6) Importer(815301076,1909f56bfc062723c751e8b465ee728b)  -> (artifact id: '34532e8d6f92e27f24cc558bc9b81879') in 0.020117 seconds 
========================================================================
Received Import Request.
  Time since last request: 0.000407 seconds.
  path: Assets/Jammo-Character/Scenes/JammoScene/Lightmap-1_comp_dir.png
  artifactKey: Guid(c27f1f6fcc4d68c458375c9577b06998) Importer(815301076,1909f56bfc062723c751e8b465ee728b)
Start importing Assets/Jammo-Character/Scenes/JammoScene/Lightmap-1_comp_dir.png using Guid(c27f1f6fcc4d68c458375c9577b06998) Importer(815301076,1909f56bfc062723c751e8b465ee728b)  -> (artifact id: '45ccbb002cc7b0426ec93cd591dc62a7') in 0.032525 seconds 
========================================================================
Received Import Request.
  Time since last request: 0.000361 seconds.
  path: Assets/Jammo-Character/Scenes/JammoScene/Lightmap-1_comp_light.exr
  artifactKey: Guid(5d843664aea533c48b9546ed546bc088) Importer(815301076,1909f56bfc062723c751e8b465ee728b)
Start importing Assets/Jammo-Character/Scenes/JammoScene/Lightmap-1_comp_light.exr using Guid(5d843664aea533c48b9546ed546bc088) Importer(815301076,1909f56bfc062723c751e8b465ee728b)  -> (artifact id: '26ab003b59c686bc23c56a9c3d06a52f') in 0.033501 seconds 
